<?xml version="1.0" encoding="UTF-8"?>
<!-- Generated by org.testng.reporters.JUnitXMLReporter -->
<testsuite hostname="SheerTest" ignored="0" name="CarSearch" tests="4" failures="2" timestamp="2024-10-25T17:07:33 BST" time="107.316" errors="0">
  <testcase name="SearchTest" time="13.379" classname="com.carsearch.tests.PageTests"/>
  <testcase name="SearchTest" time="34.174" classname="com.carsearch.tests.PageTests">
    <failure type="java.lang.AssertionError" message="Car with reg number BW57BOW was not returned">
      <![CDATA[java.lang.AssertionError: Car with reg number BW57BOW was not returned
at com.carsearch.tests.PageTests.SearchTest(PageTests.java:39)
at java.util.ArrayList.forEach(ArrayList.java:1259)
at com.intellij.rt.testng.IDEARemoteTestNG.run(IDEARemoteTestNG.java:66)
at com.intellij.rt.testng.RemoteTestNGStarter.main(RemoteTestNGStarter.java:109)
... Removed 25 stack frames]]>
    </failure>
  </testcase> <!-- SearchTest -->
  <testcase name="SearchTest" time="9.418" classname="com.carsearch.tests.PageTests"/>
  <testcase name="SearchTest" time="35.737" classname="com.carsearch.tests.PageTests">
    <failure type="java.lang.AssertionError" message="Car with reg number SG18HTN was not returned">
      <![CDATA[java.lang.AssertionError: Car with reg number SG18HTN was not returned
at com.carsearch.tests.PageTests.SearchTest(PageTests.java:39)
at java.util.ArrayList.forEach(ArrayList.java:1259)
at com.intellij.rt.testng.IDEARemoteTestNG.run(IDEARemoteTestNG.java:66)
at com.intellij.rt.testng.RemoteTestNGStarter.main(RemoteTestNGStarter.java:109)
... Removed 25 stack frames]]>
    </failure>
  </testcase> <!-- SearchTest -->
</testsuite> <!-- CarSearch -->
